<?xml version="1.0" encoding="UTF-8"?>
<!-- Generated by org.testng.reporters.JUnitReportReporter -->
<testsuite hostname="Anwara" name="com.februaryeleven15.AjaxFour_WebDriver" tests="1" failures="0" timestamp="11 Feb 2015 23:17:36 GMT" time="35.008" errors="0">
  <testcase name="test" time="35.008" classname="com.februaryeleven15.AjaxFour_WebDriver"/>
</testsuite> <!-- com.februaryeleven15.AjaxFour_WebDriver -->
